<?xml version="1.0" encoding="UTF-8"?>
<!-- Generated by org.testng.reporters.JUnitReportReporter -->
<testsuite hostname="DESKTOP-QPCK8II" failures="0" tests="1" name="com.test.FitPeoTestClass" time="9.052" errors="0" timestamp="2024-09-09T11:14:15 IST" skipped="0">
  <testcase classname="com.test.FitPeoTestClass" name="testing_RevenueCalculator" time="9.052"/>
</testsuite> <!-- com.test.FitPeoTestClass -->
